TN:
SF:C:\Users\Usuario\git\yago\dechat_es3b\lib\core.js
FN:15,(anonymous_0)
FN:33,(anonymous_1)
FN:47,(anonymous_2)
FN:57,(anonymous_3)
FN:58,(anonymous_4)
FN:64,(anonymous_5)
FN:81,(anonymous_6)
FN:94,(anonymous_7)
FN:95,(anonymous_8)
FN:130,(anonymous_9)
FN:143,(anonymous_10)
FN:164,(anonymous_11)
FN:166,(anonymous_12)
FN:176,(anonymous_13)
FN:195,(anonymous_14)
FN:222,(anonymous_15)
FN:260,(anonymous_16)
FN:276,(anonymous_17)
FN:301,(anonymous_18)
FN:326,(anonymous_19)
FN:341,(anonymous_20)
FN:352,(anonymous_21)
FN:353,(anonymous_22)
FN:362,(anonymous_23)
FN:378,(anonymous_24)
FN:388,(anonymous_25)
FN:399,(anonymous_26)
FN:400,(anonymous_27)
FN:406,(anonymous_28)
FN:426,(anonymous_29)
FN:473,(anonymous_30)
FN:501,(anonymous_31)
FN:512,(anonymous_32)
FN:513,(anonymous_33)
FN:524,(anonymous_34)
FN:532,(anonymous_35)
FN:538,(anonymous_36)
FN:557,(anonymous_37)
FN:558,(anonymous_38)
FN:573,(anonymous_39)
FN:586,(anonymous_40)
FNF:41
FNH:7
FNDA:1,(anonymous_0)
FNDA:2,(anonymous_1)
FNDA:0,(anonymous_2)
FNDA:0,(anonymous_3)
FNDA:0,(anonymous_4)
FNDA:0,(anonymous_5)
FNDA:2,(anonymous_6)
FNDA:0,(anonymous_7)
FNDA:0,(anonymous_8)
FNDA:0,(anonymous_9)
FNDA:0,(anonymous_10)
FNDA:0,(anonymous_11)
FNDA:0,(anonymous_12)
FNDA:0,(anonymous_13)
FNDA:3,(anonymous_14)
FNDA:0,(anonymous_15)
FNDA:0,(anonymous_16)
FNDA:2,(anonymous_17)
FNDA:0,(anonymous_18)
FNDA:0,(anonymous_19)
FNDA:0,(anonymous_20)
FNDA:0,(anonymous_21)
FNDA:0,(anonymous_22)
FNDA:0,(anonymous_23)
FNDA:0,(anonymous_24)
FNDA:8,(anonymous_25)
FNDA:0,(anonymous_26)
FNDA:0,(anonymous_27)
FNDA:0,(anonymous_28)
FNDA:1,(anonymous_29)
FNDA:0,(anonymous_30)
FNDA:0,(anonymous_31)
FNDA:0,(anonymous_32)
FNDA:0,(anonymous_33)
FNDA:0,(anonymous_34)
FNDA:0,(anonymous_35)
FNDA:0,(anonymous_36)
FNDA:0,(anonymous_37)
FNDA:0,(anonymous_38)
FNDA:0,(anonymous_39)
FNDA:0,(anonymous_40)
DA:1,1
DA:2,1
DA:3,1
DA:4,1
DA:5,1
DA:6,1
DA:7,1
DA:8,1
DA:9,1
DA:10,1
DA:11,1
DA:16,1
DA:17,1
DA:18,1
DA:19,1
DA:34,2
DA:35,2
DA:38,0
DA:48,0
DA:49,0
DA:50,0
DA:52,0
DA:58,0
DA:59,0
DA:61,0
DA:64,0
DA:65,0
DA:69,0
DA:82,2
DA:83,2
DA:85,0
DA:86,0
DA:87,0
DA:88,0
DA:90,0
DA:95,0
DA:96,0
DA:97,0
DA:98,0
DA:99,0
DA:101,0
DA:102,0
DA:103,0
DA:104,0
DA:108,0
DA:109,0
DA:111,0
DA:112,0
DA:113,0
DA:118,0
DA:122,0
DA:130,0
DA:131,0
DA:132,0
DA:137,0
DA:139,0
DA:144,0
DA:145,0
DA:148,0
DA:149,0
DA:150,0
DA:151,0
DA:153,0
DA:165,0
DA:166,0
DA:168,0
DA:169,0
DA:171,0
DA:176,0
DA:177,0
DA:178,0
DA:179,0
DA:184,0
DA:187,0
DA:196,3
DA:198,3
DA:199,3
DA:204,3
DA:205,3
DA:206,3
DA:212,3
DA:223,0
DA:225,0
DA:226,0
DA:227,0
DA:228,0
DA:230,0
DA:231,0
DA:234,0
DA:235,0
DA:236,0
DA:238,0
DA:241,0
DA:244,0
DA:245,0
DA:248,0
DA:251,0
DA:263,0
DA:264,0
DA:277,2
DA:278,2
DA:279,2
DA:286,2
DA:302,0
DA:304,0
DA:305,0
DA:306,0
DA:307,0
DA:309,0
DA:311,0
DA:312,0
DA:320,0
DA:327,0
DA:328,0
DA:329,0
DA:330,0
DA:331,0
DA:342,0
DA:343,0
DA:345,0
DA:346,0
DA:348,0
DA:353,0
DA:354,0
DA:356,0
DA:362,0
DA:363,0
DA:367,0
DA:370,0
DA:379,0
DA:389,8
DA:390,8
DA:392,0
DA:393,0
DA:395,0
DA:400,0
DA:401,0
DA:403,0
DA:406,0
DA:407,0
DA:411,0
DA:414,0
DA:427,1
DA:428,1
DA:435,1
DA:437,1
DA:438,1
DA:442,1
DA:443,1
DA:446,1
DA:447,1
DA:449,1
DA:450,1
DA:453,1
DA:454,1
DA:456,1
DA:457,1
DA:460,1
DA:475,0
DA:477,0
DA:479,0
DA:481,0
DA:482,0
DA:486,0
DA:487,0
DA:490,0
DA:502,0
DA:503,0
DA:504,0
DA:505,0
DA:506,0
DA:508,0
DA:513,0
DA:514,0
DA:516,0
DA:518,0
DA:519,0
DA:520,0
DA:524,0
DA:525,0
DA:529,0
DA:533,0
DA:535,0
DA:539,0
DA:540,0
DA:542,0
DA:543,0
DA:544,0
DA:545,0
DA:547,0
DA:558,0
DA:559,0
DA:560,0
DA:561,0
DA:562,0
DA:563,0
DA:564,0
DA:565,0
DA:573,0
DA:574,0
DA:575,0
DA:580,0
DA:583,0
DA:588,0
DA:589,0
DA:591,0
DA:592,0
DA:598,0
DA:599,0
DA:601,0
DA:602,0
DA:605,0
DA:606,0
DA:607,0
DA:609,0
DA:610,0
DA:617,1
LF:217
LH:49
BRDA:34,0,0,2
BRDA:34,0,1,0
BRDA:85,1,0,0
BRDA:85,1,1,0
BRDA:101,2,0,0
BRDA:101,2,1,0
BRDA:103,3,0,0
BRDA:103,3,1,0
BRDA:108,4,0,0
BRDA:108,4,1,0
BRDA:112,5,0,0
BRDA:112,5,1,0
BRDA:112,6,0,0
BRDA:112,6,1,0
BRDA:131,7,0,0
BRDA:131,7,1,0
BRDA:148,8,0,0
BRDA:148,8,1,0
BRDA:177,9,0,0
BRDA:177,9,1,0
BRDA:225,10,0,0
BRDA:225,10,1,0
BRDA:230,11,0,0
BRDA:230,11,1,0
BRDA:234,12,0,0
BRDA:234,12,1,0
BRDA:235,13,0,0
BRDA:235,13,1,0
BRDA:244,14,0,0
BRDA:244,14,1,0
BRDA:304,15,0,0
BRDA:304,15,1,0
BRDA:306,16,0,0
BRDA:306,16,1,0
BRDA:345,17,0,0
BRDA:345,17,1,0
BRDA:392,18,0,0
BRDA:392,18,1,0
BRDA:518,19,0,0
BRDA:518,19,1,0
BRDA:542,20,0,0
BRDA:542,20,1,0
BRDA:574,21,0,0
BRDA:574,21,1,0
BRDA:605,22,0,0
BRDA:605,22,1,0
BRF:46
BRH:1
end_of_record
TN:
SF:C:\Users\Usuario\git\yago\dechat_es3b\lib\datasync.js
FN:11,(anonymous_0)
FN:22,(anonymous_1)
FN:34,(anonymous_2)
FN:46,(anonymous_3)
FN:62,(anonymous_4)
FN:69,(anonymous_5)
FN:73,(anonymous_6)
FN:77,(anonymous_7)
FNF:8
FNH:2
FNDA:1,(anonymous_0)
FNDA:0,(anonymous_1)
FNDA:0,(anonymous_2)
FNDA:2,(anonymous_3)
FNDA:0,(anonymous_4)
FNDA:0,(anonymous_5)
FNDA:0,(anonymous_6)
FNDA:0,(anonymous_7)
DA:1,1
DA:12,1
DA:23,0
DA:35,0
DA:47,2
DA:63,0
DA:70,0
DA:71,0
DA:73,0
DA:74,0
DA:77,0
DA:78,0
DA:79,0
DA:85,1
LF:14
LH:4
BRDA:78,0,0,0
BRDA:78,0,1,0
BRDA:78,1,0,0
BRDA:78,1,1,0
BRF:4
BRH:0
end_of_record
TN:
SF:C:\Users\Usuario\git\yago\dechat_es3b\lib\loader.js
FN:17,(anonymous_0)
FN:29,(anonymous_1)
FN:49,(anonymous_2)
FN:62,(anonymous_3)
FN:73,(anonymous_4)
FN:74,(anonymous_5)
FN:82,(anonymous_6)
FN:97,(anonymous_7)
FN:113,(anonymous_8)
FN:114,(anonymous_9)
FN:127,(anonymous_10)
FN:141,(anonymous_11)
FN:145,(anonymous_12)
FN:153,(anonymous_13)
FN:160,(anonymous_14)
FN:180,(anonymous_15)
FN:189,(anonymous_16)
FN:190,(anonymous_17)
FN:196,(anonymous_18)
FNF:19
FNH:0
FNDA:0,(anonymous_0)
FNDA:0,(anonymous_1)
FNDA:0,(anonymous_2)
FNDA:0,(anonymous_3)
FNDA:0,(anonymous_4)
FNDA:0,(anonymous_5)
FNDA:0,(anonymous_6)
FNDA:0,(anonymous_7)
FNDA:0,(anonymous_8)
FNDA:0,(anonymous_9)
FNDA:0,(anonymous_10)
FNDA:0,(anonymous_11)
FNDA:0,(anonymous_12)
FNDA:0,(anonymous_13)
FNDA:0,(anonymous_14)
FNDA:0,(anonymous_15)
FNDA:0,(anonymous_16)
FNDA:0,(anonymous_17)
FNDA:0,(anonymous_18)
DA:1,1
DA:2,1
DA:3,1
DA:4,1
DA:5,1
DA:6,1
DA:18,0
DA:19,0
DA:30,0
DA:31,0
DA:32,0
DA:33,0
DA:35,0
DA:36,0
DA:39,0
DA:47,0
DA:49,0
DA:50,0
DA:53,0
DA:63,0
DA:65,0
DA:67,0
DA:74,0
DA:75,0
DA:77,0
DA:78,0
DA:82,0
DA:83,0
DA:87,0
DA:98,0
DA:99,0
DA:101,0
DA:102,0
DA:104,0
DA:114,0
DA:115,0
DA:116,0
DA:117,0
DA:118,0
DA:119,0
DA:127,0
DA:128,0
DA:132,0
DA:142,0
DA:144,0
DA:146,0
DA:147,0
DA:149,0
DA:150,0
DA:151,0
DA:153,0
DA:154,0
DA:155,0
DA:156,0
DA:157,0
DA:159,0
DA:161,0
DA:165,0
DA:171,0
DA:181,0
DA:182,0
DA:183,0
DA:185,0
DA:190,0
DA:191,0
DA:193,0
DA:196,0
DA:197,0
DA:201,0
DA:205,1
LF:70
LH:7
BRDA:35,0,0,0
BRDA:35,0,1,0
BRDA:77,1,0,0
BRDA:77,1,1,0
BRDA:116,2,0,0
BRDA:116,2,1,0
BRDA:146,3,0,0
BRDA:146,3,1,0
BRDA:154,4,0,0
BRDA:154,4,1,0
BRDA:156,5,0,0
BRDA:156,5,1,0
BRF:12
BRH:0
end_of_record
TN:
SF:C:\Users\Usuario\git\yago\dechat_es3b\lib\namespaces.js
FNF:0
FNH:0
DA:1,1
DA:2,1
DA:3,1
DA:5,1
LF:4
LH:4
BRF:0
BRH:0
end_of_record
TN:
SF:C:\Users\Usuario\git\yago\dechat_es3b\lib\rdfjssourcefactory.js
FN:9,fromUrl
FN:13,(anonymous_1)
FN:21,(anonymous_2)
FN:28,(anonymous_3)
FN:37,(anonymous_4)
FN:45,fromString
FN:50,(anonymous_6)
FN:57,(anonymous_7)
FNF:8
FNH:1
FNDA:10,fromUrl
FNDA:0,(anonymous_1)
FNDA:0,(anonymous_2)
FNDA:0,(anonymous_3)
FNDA:0,(anonymous_4)
FNDA:0,fromString
FNDA:0,(anonymous_6)
FNDA:0,(anonymous_7)
DA:1,1
DA:2,1
DA:10,10
DA:12,10
DA:14,0
DA:15,0
DA:17,0
DA:18,0
DA:19,0
DA:21,0
DA:22,0
DA:23,0
DA:24,0
DA:25,0
DA:27,0
DA:29,0
DA:33,0
DA:38,0
DA:39,0
DA:42,0
DA:46,0
DA:47,0
DA:48,0
DA:50,0
DA:51,0
DA:52,0
DA:53,0
DA:54,0
DA:56,0
DA:58,0
DA:62,0
DA:66,0
DA:69,1
LF:33
LH:5
BRDA:14,0,0,0
BRDA:14,0,1,0
BRDA:22,1,0,0
BRDA:22,1,1,0
BRDA:24,2,0,0
BRDA:24,2,1,0
BRDA:51,3,0,0
BRDA:51,3,1,0
BRDA:53,4,0,0
BRDA:53,4,1,0
BRF:10
BRH:0
end_of_record
TN:
SF:C:\Users\Usuario\git\yago\dechat_es3b\lib\semanticchat.js
FN:14,(anonymous_0)
FN:29,(anonymous_1)
FN:48,(anonymous_2)
FN:57,(anonymous_3)
FN:67,(anonymous_4)
FN:75,(anonymous_5)
FN:82,(anonymous_6)
FN:90,(anonymous_7)
FN:97,(anonymous_8)
FNF:9
FNH:2
FNDA:1,(anonymous_0)
FNDA:0,(anonymous_1)
FNDA:0,(anonymous_2)
FNDA:0,(anonymous_3)
FNDA:0,(anonymous_4)
FNDA:1,(anonymous_5)
FNDA:0,(anonymous_6)
FNDA:0,(anonymous_7)
FNDA:0,(anonymous_8)
DA:1,1
DA:16,1
DA:17,1
DA:18,1
DA:19,1
DA:20,1
DA:21,1
DA:22,1
DA:26,1
DA:27,1
DA:29,1
DA:30,0
DA:35,1
DA:36,0
DA:40,1
DA:41,1
DA:43,0
DA:49,0
DA:50,0
DA:59,0
DA:60,0
DA:68,0
DA:76,1
DA:83,0
DA:91,0
DA:98,0
DA:104,1
LF:27
LH:16
BRDA:26,0,0,1
BRDA:26,0,1,0
BRDA:35,1,0,0
BRDA:35,1,1,1
BRDA:40,2,0,1
BRDA:40,2,1,0
BRF:6
BRH:3
end_of_record
